[NX Daemon Server] - 2025-05-22T05:41:24.619Z - Started listening on: \\.\pipe\nx\C:\Users\DANIEL~1.GSC\AppData\Local\Temp\bfcb7d4d3bf614c997a0\d.sock
[NX Daemon Server] - 2025-05-22T05:41:24.624Z - [WATCHER]: Subscribed to changes within: C:\Users\daniel.gschliesser\repos\Creditcardcsvtoodoo (native)
[NX Daemon Server] - 2025-05-22T05:41:24.627Z - Established a connection. Number of open connections: 1
[NX Daemon Server] - 2025-05-22T05:41:24.629Z - Closed a connection. Number of open connections: 0
[NX Daemon Server] - 2025-05-22T05:41:24.630Z - Established a connection. Number of open connections: 1
[NX Daemon Server] - 2025-05-22T05:41:24.632Z - [REQUEST]: Client Request for Project Graph Received
[NX Daemon Server] - 2025-05-22T05:41:24.633Z - [REQUEST]: Updated workspace context based on watched changes, recomputing project graph...
[NX Daemon Server] - 2025-05-22T05:41:24.634Z - [REQUEST]: 
[NX Daemon Server] - 2025-05-22T05:41:24.634Z - [REQUEST]: 
[NX Daemon Server] - 2025-05-22T05:41:24.764Z - [REQUEST]: Responding to the client. project-graph
[NX Daemon Server] - 2025-05-22T05:41:24.766Z - Time taken for 'total for creating and serializing project graph' 131.05380000000002ms
[NX Daemon Server] - 2025-05-22T05:41:24.766Z - Done responding to the client project-graph
[NX Daemon Server] - 2025-05-22T05:41:24.767Z - Handled REQUEST_PROJECT_GRAPH. Handling time: 131. Response time: 4.
[NX Daemon Server] - 2025-05-22T05:41:24.778Z - Closed a connection. Number of open connections: 0
[NX Daemon Server] - 2025-05-22T05:41:28.165Z - [WATCHER]: .nx/cache/d/server-process.json was modified
[NX Daemon Server] - 2025-05-22T05:41:28.280Z - [REQUEST]: Updated workspace context based on watched changes, recomputing project graph...
[NX Daemon Server] - 2025-05-22T05:41:28.280Z - [REQUEST]: .nx/cache/d/server-process.json
[NX Daemon Server] - 2025-05-22T05:41:28.280Z - [REQUEST]: 
[NX Daemon Server] - 2025-05-22T05:41:28.330Z - Time taken for 'hash changed files from watcher' 1.0538000000001375ms
[NX Daemon Server] - 2025-05-22T05:41:40.169Z - Established a connection. Number of open connections: 1
[NX Daemon Server] - 2025-05-22T05:41:40.170Z - Closed a connection. Number of open connections: 0
[NX Daemon Server] - 2025-05-22T05:41:40.170Z - Established a connection. Number of open connections: 1
[NX Daemon Server] - 2025-05-22T05:41:40.173Z - [REQUEST]: Client Request for Project Graph Received
[NX Daemon Server] - 2025-05-22T05:41:40.174Z - [REQUEST]: Responding to the client. project-graph
[NX Daemon Server] - 2025-05-22T05:41:40.174Z - Time taken for 'total for creating and serializing project graph' 0.3309000000008382ms
[NX Daemon Server] - 2025-05-22T05:41:40.176Z - Done responding to the client project-graph
[NX Daemon Server] - 2025-05-22T05:41:40.176Z - Handled REQUEST_PROJECT_GRAPH. Handling time: 1. Response time: 2.
[NX Daemon Server] - 2025-05-22T05:41:40.313Z - [REQUEST]: Responding to the client. handleHashTasks
[NX Daemon Server] - 2025-05-22T05:41:40.314Z - Done responding to the client handleHashTasks
[NX Daemon Server] - 2025-05-22T05:41:40.314Z - Handled HASH_TASKS. Handling time: 15. Response time: 1.
[NX Daemon Server] - 2025-05-22T05:41:42.805Z - [WATCHER]: Processing file changes in outputs
[NX Daemon Server] - 2025-05-22T05:41:42.807Z - [WATCHER]: 0 file(s) created or restored, 2 file(s) modified, 0 file(s) deleted
[NX Daemon Server] - 2025-05-22T05:41:42.912Z - [REQUEST]: Updated workspace context based on watched changes, recomputing project graph...
[NX Daemon Server] - 2025-05-22T05:41:42.913Z - [REQUEST]: NODE_M~1/nx/bin/run-executor.js,NODE_M~1/nx/src/TASKS-~1/fork.js
[NX Daemon Server] - 2025-05-22T05:41:42.913Z - [REQUEST]: 
[NX Daemon Server] - 2025-05-22T05:41:42.990Z - Time taken for 'hash changed files from watcher' 0.563799999999901ms
[NX Daemon Server] - 2025-05-22T05:41:43.374Z - Established a connection. Number of open connections: 2
[NX Daemon Server] - 2025-05-22T05:41:43.375Z - Closed a connection. Number of open connections: 1
[NX Daemon Server] - 2025-05-22T05:41:43.375Z - Established a connection. Number of open connections: 2
[NX Daemon Server] - 2025-05-22T05:41:43.378Z - [REQUEST]: Client Request for Project Graph Received
[NX Daemon Server] - 2025-05-22T05:41:43.378Z - [REQUEST]: Responding to the client. project-graph
[NX Daemon Server] - 2025-05-22T05:41:43.378Z - Time taken for 'total for creating and serializing project graph' 0.17190000000118744ms
[NX Daemon Server] - 2025-05-22T05:41:43.380Z - Done responding to the client project-graph
[NX Daemon Server] - 2025-05-22T05:41:43.380Z - Handled REQUEST_PROJECT_GRAPH. Handling time: 0. Response time: 2.
[NX Daemon Server] - 2025-05-22T05:41:47.841Z - [WATCHER]: Processing file changes in outputs
[NX Daemon Server] - 2025-05-22T05:41:47.943Z - [WATCHER]: Processing file changes in outputs
[NX Daemon Server] - 2025-05-22T05:41:53.772Z - [WATCHER]: Processing file changes in outputs
[NX Daemon Server] - 2025-05-22T05:41:53.956Z - [WATCHER]: Processing file changes in outputs
[NX Daemon Server] - 2025-05-22T05:41:54.106Z - Closed a connection. Number of open connections: 1
[NX Daemon Server] - 2025-05-22T05:41:54.139Z - [WATCHER]: Processing file changes in outputs
[NX Daemon Server] - 2025-05-22T05:41:54.643Z - [WATCHER]: Processing file changes in outputs
[NX Daemon Server] - 2025-05-22T05:41:54.662Z - [REQUEST]: Responding to the client. recordOutputsHash
[NX Daemon Server] - 2025-05-22T05:41:54.663Z - Done responding to the client recordOutputsHash
[NX Daemon Server] - 2025-05-22T05:41:54.663Z - Handled RECORD_OUTPUTS_HASH. Handling time: 1. Response time: 1.
[NX Daemon Server] - 2025-05-22T05:41:54.809Z - [WATCHER]: Processing file changes in outputs
[NX Daemon Server] - 2025-05-22T05:41:55.933Z - [REQUEST]: Responding to the client. PROCESS_IN_BACKGROUND
[NX Daemon Server] - 2025-05-22T05:41:55.934Z - [WATCHER]: Processing file changes in outputs
[NX Daemon Server] - 2025-05-22T05:41:55.934Z - Done responding to the client PROCESS_IN_BACKGROUND
[NX Daemon Server] - 2025-05-22T05:41:55.934Z - Handled PROCESS_IN_BACKGROUND. Handling time: 1052. Response time: 1.
[NX Daemon Server] - 2025-05-22T05:41:55.935Z - Uploading file artifacts
[NX Daemon Server] - 2025-05-22T05:41:55.935Z - Done uploading file artifacts
[NX Daemon Server] - 2025-05-22T05:41:55.935Z - Sending EndRun request
[NX Daemon Server] - 2025-05-22T05:41:56.037Z - Closed a connection. Number of open connections: 0
[NX Daemon Server] - 2025-05-22T05:41:56.247Z - Error when sending EndRun
Error: This workspace is more than three days old and is not connected. Workspaces must be connected within 3 days of creation. Claim your workspace at https://cloud.nx.app
    at Timeout._onTimeout (C:\Users\daniel.gschliesser\repos\Creditcardcsvtoodoo\node_modules\.cache\nx\cloud\2505.11.1.hotfix3\lib\daemon\process-run-end.js:1:908117)
    at process.processTicksAndRejections (node:internal/process/task_queues:105:5)
[NX Daemon Server] - 2025-05-22T08:41:54.899Z - [WATCHER]: Stopping the watcher for C:\Users\daniel.gschliesser\repos\Creditcardcsvtoodoo (sources)
[NX Daemon Server] - 2025-05-22T08:41:54.900Z - [WATCHER]: Stopping the watcher for C:\Users\daniel.gschliesser\repos\Creditcardcsvtoodoo (outputs)
[NX Daemon Server] - 2025-05-22T08:41:54.900Z - Server stopped because: "10800000ms of inactivity"
[NX Daemon Server] - 2025-08-19T08:45:31.433Z - Started listening on: \\.\pipe\nx\C:\Users\DANIEL~1.GSC\AppData\Local\Temp\bfcb7d4d3bf614c997a0\d.sock
[NX Daemon Server] - 2025-08-19T08:45:31.442Z - [WATCHER]: Subscribed to changes within: c:\Users\daniel.gschliesser\repos\Creditcardcsvtoodoo (native)
[NX Daemon Server] - 2025-08-19T08:45:31.448Z - Established a connection. Number of open connections: 1
[NX Daemon Server] - 2025-08-19T08:45:31.453Z - Closed a connection. Number of open connections: 0
[NX Daemon Server] - 2025-08-19T08:45:31.508Z - Established a connection. Number of open connections: 1
[NX Daemon Server] - 2025-08-19T08:45:31.509Z - Closed a connection. Number of open connections: 0
[NX Daemon Server] - 2025-08-19T08:45:31.509Z - Established a connection. Number of open connections: 1
[NX Daemon Server] - 2025-08-19T08:45:31.516Z - [REQUEST]: Client Request for Project Graph Received
[NX Daemon Server] - 2025-08-19T08:45:31.518Z - [REQUEST]: Updated workspace context based on watched changes, recomputing project graph...
[NX Daemon Server] - 2025-08-19T08:45:31.519Z - [REQUEST]: 
[NX Daemon Server] - 2025-08-19T08:45:31.519Z - [REQUEST]: 
[NX Daemon Server] - 2025-08-19T08:45:31.798Z - [REQUEST]: Responding to the client. project-graph
[NX Daemon Server] - 2025-08-19T08:45:31.800Z - Time taken for 'total for creating and serializing project graph' 281.9942ms
[NX Daemon Server] - 2025-08-19T08:45:31.803Z - Done responding to the client project-graph
[NX Daemon Server] - 2025-08-19T08:45:31.803Z - Handled REQUEST_PROJECT_GRAPH. Handling time: 283. Response time: 5.
[NX Daemon Server] - 2025-08-19T08:45:31.816Z - [REQUEST]: Responding to the client. handleRequestFileData
[NX Daemon Server] - 2025-08-19T08:45:31.816Z - Done responding to the client handleRequestFileData
[NX Daemon Server] - 2025-08-19T08:45:31.816Z - Handled REQUEST_FILE_DATA. Handling time: 1. Response time: 0.
[NX Daemon Server] - 2025-08-19T08:45:31.818Z - Closed a connection. Number of open connections: 0
[NX Daemon Server] - 2025-08-19T08:45:33.590Z - [WATCHER]: .nx/cache/d/server-process.json was modified
[NX Daemon Server] - 2025-08-19T08:45:33.692Z - [REQUEST]: Updated workspace context based on watched changes, recomputing project graph...
[NX Daemon Server] - 2025-08-19T08:45:33.692Z - [REQUEST]: .nx/cache/d/server-process.json
[NX Daemon Server] - 2025-08-19T08:45:33.692Z - [REQUEST]: 
[NX Daemon Server] - 2025-08-19T08:45:36.597Z - Time taken for 'hash changed files from watcher' 1.0888999999997395ms
[NX Daemon Server] - 2025-08-19T11:45:33.620Z - [WATCHER]: Stopping the watcher for c:\Users\daniel.gschliesser\repos\Creditcardcsvtoodoo (sources)
[NX Daemon Server] - 2025-08-19T11:45:33.620Z - [WATCHER]: Stopping the watcher for c:\Users\daniel.gschliesser\repos\Creditcardcsvtoodoo (outputs)
[NX Daemon Server] - 2025-08-19T11:45:33.621Z - Server stopped because: "10800000ms of inactivity"
[NX Daemon Server] - 2025-11-10T08:32:35.863Z - Started listening on: \\.\pipe\nx\C:\Users\DANIEL~1.GSC\AppData\Local\Temp\bfcb7d4d3bf614c997a0\d.sock
[NX Daemon Server] - 2025-11-10T08:32:35.904Z - [WATCHER]: Subscribed to changes within: c:\Users\daniel.gschliesser\repos\Creditcardcsvtoodoo (native)
[NX Daemon Server] - 2025-11-10T08:32:35.906Z - Established a connection. Number of open connections: 1
[NX Daemon Server] - 2025-11-10T08:32:35.909Z - Closed a connection. Number of open connections: 0
[NX Daemon Server] - 2025-11-10T08:32:35.927Z - Established a connection. Number of open connections: 1
[NX Daemon Server] - 2025-11-10T08:32:35.928Z - Closed a connection. Number of open connections: 0
[NX Daemon Server] - 2025-11-10T08:32:35.928Z - Established a connection. Number of open connections: 1
[NX Daemon Server] - 2025-11-10T08:32:35.932Z - [REQUEST]: Client Request for Project Graph Received
[NX Daemon Server] - 2025-11-10T08:32:35.934Z - [REQUEST]: Updated workspace context based on watched changes, recomputing project graph...
[NX Daemon Server] - 2025-11-10T08:32:35.935Z - [REQUEST]: 
[NX Daemon Server] - 2025-11-10T08:32:35.935Z - [REQUEST]: 
[NX Daemon Server] - 2025-11-10T08:32:36.596Z - [REQUEST]: Responding to the client. project-graph
[NX Daemon Server] - 2025-11-10T08:32:36.597Z - Time taken for 'total for creating and serializing project graph' 664.1011000000001ms
[NX Daemon Server] - 2025-11-10T08:32:36.598Z - Done responding to the client project-graph
[NX Daemon Server] - 2025-11-10T08:32:36.598Z - Handled REQUEST_PROJECT_GRAPH. Handling time: 664. Response time: 2.
[NX Daemon Server] - 2025-11-10T08:32:36.607Z - [REQUEST]: Responding to the client. handleRequestFileData
[NX Daemon Server] - 2025-11-10T08:32:36.607Z - Done responding to the client handleRequestFileData
[NX Daemon Server] - 2025-11-10T08:32:36.607Z - Handled REQUEST_FILE_DATA. Handling time: 0. Response time: 0.
[NX Daemon Server] - 2025-11-10T08:32:36.608Z - Closed a connection. Number of open connections: 0
[NX Daemon Server] - 2025-11-10T08:32:40.604Z - [WATCHER]: .nx/cache/d/server-process.json was modified
[NX Daemon Server] - 2025-11-10T08:32:40.722Z - [REQUEST]: Updated workspace context based on watched changes, recomputing project graph...
[NX Daemon Server] - 2025-11-10T08:32:40.722Z - [REQUEST]: .nx/cache/d/server-process.json
[NX Daemon Server] - 2025-11-10T08:32:40.722Z - [REQUEST]: 
[NX Daemon Server] - 2025-11-10T08:32:40.832Z - Time taken for 'hash changed files from watcher' 1.3523000000004686ms
[NX Daemon Server] - 2025-11-10T08:33:40.670Z - Established a connection. Number of open connections: 1
[NX Daemon Server] - 2025-11-10T08:33:40.671Z - Closed a connection. Number of open connections: 0
[NX Daemon Server] - 2025-11-10T08:33:40.671Z - Established a connection. Number of open connections: 1
[NX Daemon Server] - 2025-11-10T08:33:40.677Z - [REQUEST]: Client Request for Project Graph Received
[NX Daemon Server] - 2025-11-10T08:33:40.678Z - [REQUEST]: Responding to the client. project-graph
[NX Daemon Server] - 2025-11-10T08:33:40.679Z - Time taken for 'total for creating and serializing project graph' 0.5754000000015367ms
[NX Daemon Server] - 2025-11-10T08:33:40.681Z - Done responding to the client project-graph
[NX Daemon Server] - 2025-11-10T08:33:40.681Z - Handled REQUEST_PROJECT_GRAPH. Handling time: 1. Response time: 3.
[NX Daemon Server] - 2025-11-10T08:33:43.755Z - [REQUEST]: Responding to the client. handleHashTasks
[NX Daemon Server] - 2025-11-10T08:33:43.755Z - Done responding to the client handleHashTasks
[NX Daemon Server] - 2025-11-10T08:33:43.755Z - Handled HASH_TASKS. Handling time: 28. Response time: 0.
[NX Daemon Server] - 2025-11-10T08:39:50.697Z - Established a connection. Number of open connections: 2
[NX Daemon Server] - 2025-11-10T08:39:50.700Z - Closed a connection. Number of open connections: 1
[NX Daemon Server] - 2025-11-10T08:39:50.704Z - Established a connection. Number of open connections: 2
[NX Daemon Server] - 2025-11-10T08:39:50.712Z - [REQUEST]: Client Request for Project Graph Received
[NX Daemon Server] - 2025-11-10T08:39:50.713Z - [REQUEST]: Responding to the client. project-graph
[NX Daemon Server] - 2025-11-10T08:39:50.714Z - Time taken for 'total for creating and serializing project graph' 0.4462000000057742ms
[NX Daemon Server] - 2025-11-10T08:39:50.717Z - Done responding to the client project-graph
[NX Daemon Server] - 2025-11-10T08:39:50.717Z - Handled REQUEST_PROJECT_GRAPH. Handling time: 1. Response time: 4.
[NX Daemon Server] - 2025-11-10T08:41:19.985Z - [WATCHER]: Processing file changes in outputs
[NX Daemon Server] - 2025-11-10T08:41:20.120Z - [WATCHER]: Processing file changes in outputs
[NX Daemon Server] - 2025-11-10T08:41:24.537Z - [WATCHER]: Processing file changes in outputs
[NX Daemon Server] - 2025-11-10T08:41:24.594Z - [WATCHER]: Processing file changes in outputs
[NX Daemon Server] - 2025-11-10T08:41:39.759Z - [WATCHER]: .vscode/launch.json was created or restored
[NX Daemon Server] - 2025-11-10T08:41:39.760Z - [WATCHER]: Processing file changes in outputs
[NX Daemon Server] - 2025-11-10T08:41:39.863Z - [REQUEST]: Updated workspace context based on watched changes, recomputing project graph...
[NX Daemon Server] - 2025-11-10T08:41:39.863Z - [REQUEST]: .vscode/launch.json
[NX Daemon Server] - 2025-11-10T08:41:39.863Z - [REQUEST]: 
[NX Daemon Server] - 2025-11-10T08:41:39.996Z - [WATCHER]: Processing file changes in outputs
[NX Daemon Server] - 2025-11-10T08:41:40.003Z - [WATCHER]: .vscode/launch.json was modified
[NX Daemon Server] - 2025-11-10T08:41:40.003Z - Time taken for 'hash changed files from watcher' 1.6391999999759719ms
[NX Daemon Server] - 2025-11-10T08:41:40.208Z - [REQUEST]: Updated workspace context based on watched changes, recomputing project graph...
[NX Daemon Server] - 2025-11-10T08:41:40.209Z - [REQUEST]: .vscode/launch.json
[NX Daemon Server] - 2025-11-10T08:41:40.209Z - [REQUEST]: 
[NX Daemon Server] - 2025-11-10T08:41:40.325Z - Time taken for 'hash changed files from watcher' 1.8908999999985099ms
[NX Daemon Server] - 2025-11-10T08:41:50.997Z - Established a connection. Number of open connections: 3
[NX Daemon Server] - 2025-11-10T08:41:50.997Z - Closed a connection. Number of open connections: 2
[NX Daemon Server] - 2025-11-10T08:41:50.998Z - Established a connection. Number of open connections: 3
[NX Daemon Server] - 2025-11-10T08:41:50.998Z - Established a connection. Number of open connections: 4
[NX Daemon Server] - 2025-11-10T08:41:50.998Z - Closed a connection. Number of open connections: 3
[NX Daemon Server] - 2025-11-10T08:41:51.001Z - [REQUEST]: Client Request for Project Graph Received
[NX Daemon Server] - 2025-11-10T08:41:51.002Z - [REQUEST]: Responding to the client. project-graph
[NX Daemon Server] - 2025-11-10T08:41:51.002Z - Time taken for 'total for creating and serializing project graph' 0.22990000003483146ms
[NX Daemon Server] - 2025-11-10T08:41:51.003Z - Done responding to the client project-graph
[NX Daemon Server] - 2025-11-10T08:41:51.003Z - Handled REQUEST_PROJECT_GRAPH. Handling time: 1. Response time: 1.
[NX Daemon Server] - 2025-11-10T08:41:51.012Z - [REQUEST]: Responding to the client. handleRequestFileData
[NX Daemon Server] - 2025-11-10T08:41:51.012Z - Done responding to the client handleRequestFileData
[NX Daemon Server] - 2025-11-10T08:41:51.012Z - Handled REQUEST_FILE_DATA. Handling time: 0. Response time: 0.
[NX Daemon Server] - 2025-11-10T08:41:51.013Z - Closed a connection. Number of open connections: 2
[NX Daemon Server] - 2025-11-10T08:41:52.028Z - [WATCHER]: .vscode/launch.json was modified
[NX Daemon Server] - 2025-11-10T08:41:52.029Z - [WATCHER]: Processing file changes in outputs
[NX Daemon Server] - 2025-11-10T08:41:52.183Z - [REQUEST]: Updated workspace context based on watched changes, recomputing project graph...
[NX Daemon Server] - 2025-11-10T08:41:52.183Z - [REQUEST]: .vscode/launch.json
[NX Daemon Server] - 2025-11-10T08:41:52.183Z - [REQUEST]: 
[NX Daemon Server] - 2025-11-10T08:41:52.283Z - [WATCHER]: .vscode/launch.json was modified
[NX Daemon Server] - 2025-11-10T08:41:52.283Z - [WATCHER]: Processing file changes in outputs
[NX Daemon Server] - 2025-11-10T08:41:52.283Z - Time taken for 'hash changed files from watcher' 41.21289999992587ms
[NX Daemon Server] - 2025-11-10T08:41:52.493Z - [REQUEST]: Updated workspace context based on watched changes, recomputing project graph...
[NX Daemon Server] - 2025-11-10T08:41:52.494Z - [REQUEST]: .vscode/launch.json
[NX Daemon Server] - 2025-11-10T08:41:52.494Z - [REQUEST]: 
[NX Daemon Server] - 2025-11-10T08:41:52.625Z - Time taken for 'hash changed files from watcher' 1.037499999976717ms
[NX Daemon Server] - 2025-11-10T08:43:25.363Z - [WATCHER]: src/app/app.component.ts was modified
[NX Daemon Server] - 2025-11-10T08:43:25.363Z - [WATCHER]: Processing file changes in outputs
[NX Daemon Server] - 2025-11-10T08:43:25.638Z - [WATCHER]: Processing file changes in outputs
[NX Daemon Server] - 2025-11-10T08:43:25.645Z - [WATCHER]: src/app/app.component.ts was modified
[NX Daemon Server] - 2025-11-10T08:43:25.764Z - [REQUEST]: Updated workspace context based on watched changes, recomputing project graph...
[NX Daemon Server] - 2025-11-10T08:43:25.764Z - [REQUEST]: src/app/app.component.ts
[NX Daemon Server] - 2025-11-10T08:43:25.764Z - [REQUEST]: 
[NX Daemon Server] - 2025-11-10T08:43:25.863Z - Time taken for 'hash changed files from watcher' 0.6613000000361353ms
[NX Daemon Server] - 2025-11-10T08:43:26.001Z - [WATCHER]: Processing file changes in outputs
[NX Daemon Server] - 2025-11-10T08:43:26.121Z - [WATCHER]: Processing file changes in outputs
[NX Daemon Server] - 2025-11-10T08:43:27.516Z - [WATCHER]: Processing file changes in outputs
[NX Daemon Server] - 2025-11-10T08:43:27.687Z - [WATCHER]: Processing file changes in outputs
[NX Daemon Server] - 2025-11-10T08:43:27.789Z - [WATCHER]: Processing file changes in outputs
[NX Daemon Server] - 2025-11-10T08:43:36.649Z - Established a connection. Number of open connections: 3
[NX Daemon Server] - 2025-11-10T08:43:36.649Z - Closed a connection. Number of open connections: 2
[NX Daemon Server] - 2025-11-10T08:43:36.650Z - Established a connection. Number of open connections: 3
[NX Daemon Server] - 2025-11-10T08:43:36.650Z - Established a connection. Number of open connections: 4
[NX Daemon Server] - 2025-11-10T08:43:36.650Z - Closed a connection. Number of open connections: 3
[NX Daemon Server] - 2025-11-10T08:43:36.653Z - [REQUEST]: Client Request for Project Graph Received
[NX Daemon Server] - 2025-11-10T08:43:36.654Z - [REQUEST]: Responding to the client. project-graph
[NX Daemon Server] - 2025-11-10T08:43:36.655Z - Time taken for 'total for creating and serializing project graph' 0.2482000000309199ms
[NX Daemon Server] - 2025-11-10T08:43:36.655Z - Done responding to the client project-graph
[NX Daemon Server] - 2025-11-10T08:43:36.655Z - Handled REQUEST_PROJECT_GRAPH. Handling time: 1. Response time: 1.
[NX Daemon Server] - 2025-11-10T08:43:36.664Z - [REQUEST]: Responding to the client. handleRequestFileData
[NX Daemon Server] - 2025-11-10T08:43:36.664Z - Done responding to the client handleRequestFileData
[NX Daemon Server] - 2025-11-10T08:43:36.664Z - Handled REQUEST_FILE_DATA. Handling time: 0. Response time: 0.
[NX Daemon Server] - 2025-11-10T08:43:36.665Z - Closed a connection. Number of open connections: 2
[NX Daemon Server] - 2025-11-10T08:45:39.497Z - Closed a connection. Number of open connections: 1
[NX Daemon Server] - 2025-11-10T08:45:39.580Z - Closed a connection. Number of open connections: 0
[NX Daemon Server] - 2025-11-10T11:43:36.999Z - [WATCHER]: Stopping the watcher for c:\Users\daniel.gschliesser\repos\Creditcardcsvtoodoo (sources)
[NX Daemon Server] - 2025-11-10T11:43:37.002Z - [WATCHER]: Stopping the watcher for c:\Users\daniel.gschliesser\repos\Creditcardcsvtoodoo (outputs)
[NX Daemon Server] - 2025-11-10T11:43:37.002Z - Server stopped because: "10800000ms of inactivity"
[NX Daemon Server] - 2026-02-19T06:29:09.061Z - Started listening on: \\.\pipe\nx\C:\Users\DANIEL~1.GSC\AppData\Local\Temp\bfcb7d4d3bf614c997a0\d.sock
[NX Daemon Server] - 2026-02-19T06:29:09.122Z - [WATCHER]: Subscribed to changes within: c:\Users\daniel.gschliesser\repos\Creditcardcsvtoodoo (native)
[NX Daemon Server] - 2026-02-19T06:29:09.125Z - Established a connection. Number of open connections: 1
[NX Daemon Server] - 2026-02-19T06:29:09.126Z - Established a connection. Number of open connections: 2
[NX Daemon Server] - 2026-02-19T06:29:09.127Z - Established a connection. Number of open connections: 3
[NX Daemon Server] - 2026-02-19T06:29:09.130Z - Closed a connection. Number of open connections: 2
[NX Daemon Server] - 2026-02-19T06:29:09.130Z - Closed a connection. Number of open connections: 1
[NX Daemon Server] - 2026-02-19T06:29:09.135Z - [REQUEST]: Client Request for Project Graph Received
[NX Daemon Server] - 2026-02-19T06:29:09.137Z - [REQUEST]: Updated workspace context based on watched changes, recomputing project graph...
[NX Daemon Server] - 2026-02-19T06:29:09.137Z - [REQUEST]: 
[NX Daemon Server] - 2026-02-19T06:29:09.137Z - [REQUEST]: 
[NX Daemon Server] - 2026-02-19T06:29:10.203Z - [REQUEST]: Responding to the client. project-graph
[NX Daemon Server] - 2026-02-19T06:29:10.206Z - Time taken for 'total for creating and serializing project graph' 1068.6427999999999ms
[NX Daemon Server] - 2026-02-19T06:29:10.207Z - Done responding to the client project-graph
[NX Daemon Server] - 2026-02-19T06:29:10.207Z - Handled REQUEST_PROJECT_GRAPH. Handling time: 1069. Response time: 4.
[NX Daemon Server] - 2026-02-19T06:29:10.217Z - [REQUEST]: Responding to the client. handleRequestFileData
[NX Daemon Server] - 2026-02-19T06:29:10.217Z - Done responding to the client handleRequestFileData
[NX Daemon Server] - 2026-02-19T06:29:10.217Z - Handled REQUEST_FILE_DATA. Handling time: 0. Response time: 0.
[NX Daemon Server] - 2026-02-19T06:29:14.592Z - [WATCHER]: .nx/cache/d/server-process.json was modified
[NX Daemon Server] - 2026-02-19T06:29:14.705Z - [REQUEST]: Updated workspace context based on watched changes, recomputing project graph...
[NX Daemon Server] - 2026-02-19T06:29:14.705Z - [REQUEST]: .nx/cache/d/server-process.json
[NX Daemon Server] - 2026-02-19T06:29:14.705Z - [REQUEST]: 
[NX Daemon Server] - 2026-02-19T06:29:14.809Z - Time taken for 'hash changed files from watcher' 0.9435999999996056ms
